e:\projects\laraleemedical\sandtimages\debug\vc142.pdb
e:\projects\laraleemedical\sandtimages\debug\scanner.obj
e:\projects\laraleemedical\sandtimages\debug\motorcontroller.obj
e:\projects\laraleemedical\sandtimages\debug\frmsandtimages.obj
e:\projects\laraleemedical\sandtimages\debug\framegrabber.obj
e:\projects\laraleemedical\sandtimages\debug\.netframework,version=v4.7.2.assemblyattributes.obj
e:\projects\laraleemedical\sandtimages\debug\.netframework,version=v4.7.2.assemblyattributes.asm
e:\projects\laraleemedical\sandtimages\debug\sandtimages.exe
e:\projects\laraleemedical\sandtimages\debug\sandtimages.pdb
e:\projects\laraleemedical\sandtimages\debug\sandtimages.frmsandtimages.resources
e:\projects\laraleemedical\sandtimages\debug\sandtimages.vcxproj.generateresource.cache
e:\projects\laraleemedical\sandtimages\debug\sandtimages.vcxprojassemblyreference.cache
e:\projects\laraleemedical\sandtimages\debug\sandtimages.exe.metagen
e:\projects\laraleemedical\sandtimages\debug\sandtimages.tlog\cl.command.1.tlog
e:\projects\laraleemedical\sandtimages\debug\sandtimages.tlog\cl.read.1.tlog
e:\projects\laraleemedical\sandtimages\debug\sandtimages.tlog\cl.write.1.tlog
e:\projects\laraleemedical\sandtimages\debug\sandtimages.tlog\link.10820.delete.1.tlog
e:\projects\laraleemedical\sandtimages\debug\sandtimages.tlog\link.15696.delete.1.tlog
e:\projects\laraleemedical\sandtimages\debug\sandtimages.tlog\link.19452.delete.1.tlog
e:\projects\laraleemedical\sandtimages\debug\sandtimages.tlog\link.6844.delete.1.tlog
e:\projects\laraleemedical\sandtimages\debug\sandtimages.tlog\link.command.1.tlog
e:\projects\laraleemedical\sandtimages\debug\sandtimages.tlog\link.read.1.tlog
e:\projects\laraleemedical\sandtimages\debug\sandtimages.tlog\link.write.1.tlog
e:\projects\laraleemedical\sandtimages\debug\sandtimages.tlog\metagen.read.1.tlog
e:\projects\laraleemedical\sandtimages\debug\sandtimages.tlog\metagen.write.1.tlog
e:\projects\laraleemedical\sandtimages\debug\sandtimages.tlog\sandtimages.write.1u.tlog
