e:\projects\laraleemedical\sandtimages\release\vc142.pdb
e:\projects\laraleemedical\sandtimages\release\scanner.obj
e:\projects\laraleemedical\sandtimages\release\motorcontroller.obj
e:\projects\laraleemedical\sandtimages\release\frmsandtimages.obj
e:\projects\laraleemedical\sandtimages\release\framegrabber.obj
e:\projects\laraleemedical\sandtimages\release\.netframework,version=v4.7.2.assemblyattributes.obj
e:\projects\laraleemedical\sandtimages\release\.netframework,version=v4.7.2.assemblyattributes.asm
e:\projects\laraleemedical\sandtimages\release\sandtimages.exe
e:\projects\laraleemedical\sandtimages\release\sandtimages.pdb
e:\projects\laraleemedical\sandtimages\release\sandtimages.frmsandtimages.resources
e:\projects\laraleemedical\sandtimages\release\sandtimages.vcxproj.generateresource.cache
e:\projects\laraleemedical\sandtimages\release\sandtimages.exe.metagen
e:\projects\laraleemedical\sandtimages\release\sandtimages.tlog\cl.command.1.tlog
e:\projects\laraleemedical\sandtimages\release\sandtimages.tlog\cl.read.1.tlog
e:\projects\laraleemedical\sandtimages\release\sandtimages.tlog\cl.write.1.tlog
e:\projects\laraleemedical\sandtimages\release\sandtimages.tlog\link.command.1.tlog
e:\projects\laraleemedical\sandtimages\release\sandtimages.tlog\link.read.1.tlog
e:\projects\laraleemedical\sandtimages\release\sandtimages.tlog\link.write.1.tlog
e:\projects\laraleemedical\sandtimages\release\sandtimages.tlog\metagen.read.1.tlog
e:\projects\laraleemedical\sandtimages\release\sandtimages.tlog\metagen.write.1.tlog
e:\projects\laraleemedical\sandtimages\release\sandtimages.tlog\sandtimages.write.1u.tlog
